\BOOKMARK [1][-]{section.1}{\376\377\173\054\116\000\230\230}{}% 1
\BOOKMARK [2][-]{subsection.1.1}{\376\377\225\356\230\230\143\317\217\360}{section.1}% 2
\BOOKMARK [2][-]{subsection.1.2}{\376\377\164\006\213\272\140\073\176\323}{section.1}% 3
\BOOKMARK [3][-]{subsubsection.1.2.1}{\376\377\236\316\146\374\150\257\136\246\000\040}{subsection.1.2}% 4
\BOOKMARK [3][-]{subsubsection.1.2.2}{\376\377\145\066\177\051\146\040\134\004}{subsection.1.2}% 5
\BOOKMARK [2][-]{subsection.1.3}{\376\377\173\227\154\325\143\317\217\360}{section.1}% 6
\BOOKMARK [3][-]{subsubsection.1.3.1}{\376\377\173\227\154\325\000\040\0004\000.\0003\000:\000\040\150\257\136\246\116\013\226\115\154\325\116\016\176\277\144\034\175\042}{subsection.1.3}% 7
\BOOKMARK [3][-]{subsubsection.1.3.2}{\376\377\176\277\144\034\175\042\173\126\165\145}{subsection.1.3}% 8
\BOOKMARK [3][-]{subsubsection.1.3.3}{\376\377\173\227\154\325\155\101\172\013}{subsection.1.3}% 9
\BOOKMARK [3][-]{subsubsection.1.3.4}{\376\377\173\227\154\325\000\040\0004\000.\0004\000:\000\040\000B\000B\000\040\153\145\225\177\145\271\154\325}{subsection.1.3}% 10
\BOOKMARK [2][-]{subsection.1.4}{\376\377\155\113\213\325\116\016\176\323\147\234}{section.1}% 11
\BOOKMARK [1][-]{section.2}{\376\377\173\054\116\214\230\230}{}% 12
\BOOKMARK [2][-]{subsection.2.1}{\376\377\121\370\116\214\153\041\211\304\122\022\166\204\171\357\147\201\226\306\173\227\154\325\140\073\176\323}{section.2}% 13
\BOOKMARK [3][-]{subsubsection.2.1.1}{\376\377\225\356\230\230\133\232\116\111}{subsection.2.1}% 14
\BOOKMARK [3][-]{subsubsection.2.1.2}{\376\377\135\345\117\134\226\306\166\204\133\232\116\111}{subsection.2.1}% 15
\BOOKMARK [3][-]{subsubsection.2.1.3}{\376\377\173\227\154\325\166\204\150\070\137\303\220\073\217\221}{subsection.2.1}% 16
\BOOKMARK [3][-]{subsubsection.2.1.4}{\376\377\173\227\154\325\117\052\116\343\170\001}{subsection.2.1}% 17
\BOOKMARK [3][-]{subsubsection.2.1.5}{\376\377\145\066\145\133\140\047\122\006\147\220}{subsection.2.1}% 18
\BOOKMARK [2][-]{subsection.2.2}{\376\377\145\160\120\074\133\236\232\214\116\016\176\323\147\234\122\006\147\220}{section.2}% 19
\BOOKMARK [3][-]{subsubsection.2.2.1}{\376\377\133\236\232\214\213\276\177\156}{subsection.2.2}% 20
\BOOKMARK [3][-]{subsubsection.2.2.2}{\376\377\126\372\133\232\176\246\147\137\145\160\221\317\166\204\140\047\200\375\155\113\213\325}{subsection.2.2}% 21
\BOOKMARK [3][-]{subsubsection.2.2.3}{\376\377\126\372\133\232\123\330\221\317\176\364\136\246\166\204\140\047\200\375\155\113\213\325}{subsection.2.2}% 22
\BOOKMARK [3][-]{subsubsection.2.2.4}{\376\377\131\047\211\304\152\041\225\356\230\230\155\113\213\325}{subsection.2.2}% 23
\BOOKMARK [3][-]{subsubsection.2.2.5}{\376\377\147\141\116\366\145\160\145\117\141\037\140\047\155\113\213\325}{subsection.2.2}% 24
\BOOKMARK [3][-]{subsubsection.2.2.6}{\376\377\176\374\124\010\176\323\147\234\154\107\140\073}{subsection.2.2}% 25
\BOOKMARK [3][-]{subsubsection.2.2.7}{\376\377\176\323\213\272}{subsection.2.2}% 26
\BOOKMARK [1][-]{section.3}{\376\377\173\054\116\011\230\230}{}% 27
\BOOKMARK [2][-]{subsection.3.1}{\376\377\225\356\230\230\143\317\217\360}{section.3}% 28
\BOOKMARK [2][-]{subsection.3.2}{\376\377\155\101\137\142\116\012\166\204\000L\000-\000B\000F\000G\000S\000\040\173\227\154\325\143\317\217\360}{section.3}% 29
\BOOKMARK [3][-]{subsubsection.3.2.1}{\376\377\173\227\154\325\155\101\172\013}{subsection.3.2}% 30
\BOOKMARK [2][-]{subsection.3.3}{\376\377\226\073\134\074\000\040\000L\000-\000B\000F\000G\000S\000\040\146\364\145\260}{section.3}% 31
\BOOKMARK [2][-]{subsection.3.4}{\376\377\133\120\172\172\225\364\000L\000-\000B\000F\000G\000S\145\271\154\325}{section.3}% 32
\BOOKMARK [2][-]{subsection.3.5}{\376\377\145\160\120\074\133\236\232\214\116\016\176\323\147\234\122\006\147\220}{section.3}% 33
\BOOKMARK [3][-]{subsubsection.3.5.1}{\376\377\133\236\232\214\213\276\177\156}{subsection.3.5}% 34
\BOOKMARK [3][-]{subsubsection.3.5.2}{\376\377\176\323\147\234\122\006\147\220}{subsection.3.5}% 35
\BOOKMARK [2][-]{subsection.3.6}{\376\377\176\323\213\272}{section.3}% 36
